<?xml version="1.0" encoding="UTF-8" ?>
<testsuite tests="6" failures="0" name="com.brogrammers.floormaster.service.FloorServiceImplTest" time="0.005" errors="0" skipped="0">
  <properties>
[...]
</properties>
  <testcase classname="com.brogrammers.floormaster.service.FloorServiceImplTest" name="editOrder" time="0.005"/>
  <testcase classname="com.brogrammers.floormaster.service.FloorServiceImplTest" name="testGetOrder" time="0"/>
  <testcase classname="com.brogrammers.floormaster.service.FloorServiceImplTest" name="deleteOrder" time="0"/>
  <testcase classname="com.brogrammers.floormaster.service.FloorServiceImplTest" name="testGetAllOrders" time="0"/>
  <testcase classname="com.brogrammers.floormaster.service.FloorServiceImplTest" name="testCreateValidOrder" time="0"/>
  <testcase classname="com.brogrammers.floormaster.service.FloorServiceImplTest" name="testCreateInvalidOrder" time="0"/>
</testsuite>